[INFO  - 2018-03-20T07:11:49.634Z] GhostDriver - Main - running on port 61254
[INFO  - 2018-03-20T07:11:52.909Z] Session [f73c47c0-2c0d-11e8-b4f5-15c941022a8e] - page.settings - {"XSSAuditingEnabled":false,"javascriptCanCloseWindows":true,"javascriptCanOpenWindows":true,"javascriptEnabled":true,"loadImages":true,"localToRemoteUrlAccessEnabled":false,"userAgent":"Mozilla/5.0 (Macintosh; Intel Mac OS X 10_12_5) AppleWebKit/603.2.4 (KHTML, like Gecko) Version/10.1.1 Safari/603.2.4","webSecurityEnabled":true}
[INFO  - 2018-03-20T07:11:52.910Z] Session [f73c47c0-2c0d-11e8-b4f5-15c941022a8e] - page.customHeaders:  - {}
[INFO  - 2018-03-20T07:11:52.910Z] Session [f73c47c0-2c0d-11e8-b4f5-15c941022a8e] - Session.negotiatedCapabilities - {"browserName":"phantomjs","version":"2.1.1","driverName":"ghostdriver","driverVersion":"1.2.0","platform":"windows-10-32bit","javascriptEnabled":true,"takesScreenshot":true,"handlesAlerts":false,"databaseEnabled":false,"locationContextEnabled":false,"applicationCacheEnabled":false,"browserConnectionEnabled":false,"cssSelectorsEnabled":true,"webStorageEnabled":false,"rotatable":false,"acceptSslCerts":false,"nativeEvents":true,"proxy":{"proxyType":"direct"},"phantomjs.page.settings.userAgent":"Mozilla/5.0 (Macintosh; Intel Mac OS X 10_12_5) AppleWebKit/603.2.4 (KHTML, like Gecko) Version/10.1.1 Safari/603.2.4"}
[INFO  - 2018-03-20T07:11:52.910Z] SessionManagerReqHand - _postNewSessionCommand - New Session Created: f73c47c0-2c0d-11e8-b4f5-15c941022a8e
[INFO  - 2018-03-20T07:15:55.475Z] SessionManagerReqHand - _cleanupWindowlessSessions - Asynchronous Sessions clean-up phase starting NOW
[INFO  - 2018-03-20T07:20:55.480Z] SessionManagerReqHand - _cleanupWindowlessSessions - Asynchronous Sessions clean-up phase starting NOW
[INFO  - 2018-03-20T07:25:55.482Z] SessionManagerReqHand - _cleanupWindowlessSessions - Asynchronous Sessions clean-up phase starting NOW
[INFO  - 2018-03-20T07:30:55.482Z] SessionManagerReqHand - _cleanupWindowlessSessions - Asynchronous Sessions clean-up phase starting NOW
[INFO  - 2018-03-20T07:35:55.482Z] SessionManagerReqHand - _cleanupWindowlessSessions - Asynchronous Sessions clean-up phase starting NOW
[INFO  - 2018-03-20T07:40:55.482Z] SessionManagerReqHand - _cleanupWindowlessSessions - Asynchronous Sessions clean-up phase starting NOW
[INFO  - 2018-03-20T07:45:55.483Z] SessionManagerReqHand - _cleanupWindowlessSessions - Asynchronous Sessions clean-up phase starting NOW
s - Asynchronous Sessions clean-up phase starting NOW
[INFO  - 2018-03-20T07:32:48.762Z] SessionManagerReqHand - _cleanupWindowlessSessions - Asynchronous Sessions clean-up phase starting NOW
[INFO  - 2018-03-20T07:37:48.762Z] SessionManagerReqHand - _cleanupWindowlessSessions - Asynchronous Sessions clean-up phase starting NOW
[INFO  - 2018-03-20T07:42:48.762Z] SessionManagerReqHand - _cleanupWindowlessSessions - Asynchronous Sessions clean-up phase starting NOW
[INFO  - 2018-03-20T07:47:48.762Z] SessionManagerReqHand - _cleanupWindowlessSessions - Asynchronous Sessions clean-up phase starting NOW
[INFO  - 2018-03-20T07:19:37.420Z] SessionManagerReqHand - _cleanupWindowlessSession[INFO  - 2018-03-20T07:24:30.529Z] SessionManagerReqHan[INFO  - 2018-03-20T07:24:37.421Z] SessionManagerReqHand - _cleanupWindowlessSession[INFO  - 2018-03-20T07:29:30.529Z] SessionManagerReqHan[INFO  - 2018-03-20T07:29:37.421Z] SessionManagerReqHand - _cleanupWindowlessSession[INFO  - 2018-03-20T07:34:30.530Z] SessionManagerReqHan[INFO  - 2018-03-20T07:34:37.421Z] SessionManagerReqHand - _cleanupWindowlessSession[INFO  - 2018-03-20T07:39:30.530Z] SessionManagerReqHan[INFO  - 2018-03-20T07:39:37.421Z] SessionManagerReqHand - _cleanupWindowlessSession[INFO  - 2018-03-20T07:44:30.530Z] SessionManagerReqHan[INFO  - 2018-03-20T07:44:37.423Z] SessionManagerReqHand - _cleanupWindowlessSession[INFO  - 2018-03-20T07:48:13.186Z] SessionManagerReqHand - _cleanupWindowlessSessions - Asynchronous Sessions clean-up phase starting NOW
s - Asynchronous Sessions clean-up phase starting NOW
[INFO  - 2018-03-20T07:45:22.185Z] SessionManagerReqHand - _cleanupWindowlessSessions - Asynchronous Sessions clean-up phase starting NOW
